Start testing: Nov 28 02:00 +03
----------------------------------------------------------
1/1 Testing: LR6Tests
1/1 Test: LR6Tests
Command: "/home/stasname/Документы/ОАиП/LR6/Task_2/build/LR6Tests"
Directory: /home/stasname/Документы/ОАиП/LR6/Task_2/build
"LR6Tests" start time: Nov 28 02:00 +03
Output:
----------------------------------------------------------
FATAL: ThreadSanitizer: unexpected memory mapping 0x61c7ae376000-0x61c7ae37f000
<end of output>
Test time =   0.02 sec
----------------------------------------------------------
Test Failed.
"LR6Tests" end time: Nov 28 02:00 +03
"LR6Tests" time elapsed: 00:00:00
----------------------------------------------------------

End testing: Nov 28 02:00 +03
